<component name="libraryTable">
  <library name="junit:junit:4.2" type="repository">
    <properties maven-id="junit:junit:4.2" />
    <CLASSES>
      <root url="jar://$MAVEN_REPOSITORY$/junit/junit/4.2/junit-4.2.jar!/" />
    </CLASSES>
    <JAVADOC>
      <root url="jar://$MAVEN_REPOSITORY$/junit/junit/4.2/junit-4.2-javadoc.jar!/" />
    </JAVADOC>
    <SOURCES>
      <root url="jar://$MAVEN_REPOSITORY$/junit/junit/4.2/junit-4.2-sources.jar!/" />
    </SOURCES>
  </library>
</component>